2025-12-06 12:06:33,472 [INFO] Downloader start
2025-12-06 12:06:33,472 [INFO] Log file: /Users/khlm/ML/logs/download/download_20251206_120633.log
2025-12-06 12:06:33,472 [INFO] Base path (CLI): /Volumes/HDD2/Music
2025-12-06 12:06:33,472 [INFO] [BATCH] mode
2025-12-06 12:06:33,472 [INFO]   batch JSON: data/download_batches/test_batch.json
2025-12-06 12:06:33,472 [INFO]   base_path: /Volumes/HDD2/Music
2025-12-06 12:06:33,472 [ERROR] Ne mogu učitati batch JSON: Expecting ',' delimiter: line 16 column 24 (char 498)
Traceback (most recent call last):
  File "/Users/khlm/ML/modules/download.py", line 321, in cmd_batch
    data: Dict[str, Any] = json.load(f)
                           ~~~~~~~~~^^^
  File "/Library/Frameworks/Python.framework/Versions/3.13/lib/python3.13/json/__init__.py", line 293, in load
    return loads(fp.read(),
        cls=cls, object_hook=object_hook,
        parse_float=parse_float, parse_int=parse_int,
        parse_constant=parse_constant, object_pairs_hook=object_pairs_hook, **kw)
  File "/Library/Frameworks/Python.framework/Versions/3.13/lib/python3.13/json/__init__.py", line 346, in loads
    return _default_decoder.decode(s)
           ~~~~~~~~~~~~~~~~~~~~~~~^^^
  File "/Library/Frameworks/Python.framework/Versions/3.13/lib/python3.13/json/decoder.py", line 345, in decode
    obj, end = self.raw_decode(s, idx=_w(s, 0).end())
               ~~~~~~~~~~~~~~~^^^^^^^^^^^^^^^^^^^^^^^
  File "/Library/Frameworks/Python.framework/Versions/3.13/lib/python3.13/json/decoder.py", line 361, in raw_decode
    obj, end = self.scan_once(s, idx)
               ~~~~~~~~~~~~~~^^^^^^^^
json.decoder.JSONDecodeError: Expecting ',' delimiter: line 16 column 24 (char 498)
